<?xml version="1.0" encoding="UTF-8"?>
<!-- Generated by org.testng.reporters.JUnitReportReporter -->
<testsuite hostname="Tech04" failures="0" tests="1" name="storyLTD.Login" time="4.113" errors="0" timestamp="2021-06-15T17:25:38 IST" skipped="0">
  <testcase classname="storyLTD.Login" name="loginWithCredentials" time="4.113"/>
  <system-out/>
</testsuite> <!-- storyLTD.Login -->
