<?xml version="1.0" encoding="UTF-8"?>
<!-- Generated by org.testng.reporters.JUnitReportReporter -->
<testsuite hostname="Tech04" failures="0" tests="1" name="storyLTD.Login" time="5.252" errors="0" timestamp="2021-05-29T19:54:16 IST" skipped="0">
  <testcase classname="storyLTD.Login" name="loginWithCredentials" time="5.252"/>
  <system-out/>
</testsuite> <!-- storyLTD.Login -->
