<?xml version="1.0" encoding="UTF-8"?>
<!-- Generated by org.testng.reporters.JUnitReportReporter -->
<testsuite hostname="Tech04" failures="0" tests="1" name="storyLTD.AuctionStart" time="18.100" errors="0" timestamp="2021-05-14T18:24:53 IST" skipped="0">
  <testcase classname="storyLTD.AuctionStart" name="OtherTest" time="18.100"/>
  <system-out/>
</testsuite> <!-- storyLTD.AuctionStart -->
