<?xml version="1.0" encoding="UTF-8"?>
<!-- Generated by org.testng.reporters.JUnitReportReporter -->
<testsuite hostname="Tech04" failures="0" tests="1" name="storyLTD.LoginLogout" time="8.303" errors="0" timestamp="2021-05-25T14:23:33 IST" skipped="0">
  <testcase classname="storyLTD.LoginLogout" name="Login" time="8.303"/>
  <system-out/>
</testsuite> <!-- storyLTD.LoginLogout -->
