<?xml version="1.0" encoding="UTF-8"?>
<!-- Generated by org.testng.reporters.JUnitReportReporter -->
<testsuite hostname="Tech04" failures="0" tests="2" name="storyLTD.Login" time="4.398" errors="0" timestamp="2021-06-22T19:20:12 IST" skipped="0">
  <testcase classname="storyLTD.Login" name="loginWithoutCredentials" time="0.246"/>
  <system-out/>
  <testcase classname="storyLTD.Login" name="loginWithCredentials" time="4.152"/>
  <system-out/>
</testsuite> <!-- storyLTD.Login -->
