<?xml version="1.0" encoding="UTF-8"?>
<!-- Generated by org.testng.reporters.JUnitReportReporter -->
<testsuite hostname="Tech04" failures="0" tests="1" name="storyLTD.HomePageTest" time="0.302" errors="0" timestamp="2021-05-25T18:02:51 IST" skipped="0">
  <testcase classname="storyLTD.HomePageTest" name="random" time="0.302"/>
  <system-out/>
</testsuite> <!-- storyLTD.HomePageTest -->
