<?xml version="1.0" encoding="UTF-8"?>
<!-- Generated by org.testng.reporters.JUnitReportReporter -->
<testsuite hostname="Tech04" failures="0" tests="1" name="storyLTD.HomePageTest" time="0.022" errors="0" timestamp="2021-05-26T20:56:16 IST" skipped="0">
  <testcase classname="storyLTD.HomePageTest" name="random" time="0.022"/>
  <system-out/>
</testsuite> <!-- storyLTD.HomePageTest -->
