<?xml version="1.0" encoding="UTF-8"?>
<!-- Generated by org.testng.reporters.JUnitReportReporter -->
<testsuite hostname="Tech04" failures="0" tests="1" name="storyLTD.LoginLogout" time="14.926" errors="0" timestamp="2021-05-25T14:26:02 IST" skipped="0">
  <testcase classname="storyLTD.LoginLogout" name="Login" time="14.926"/>
  <system-out/>
</testsuite> <!-- storyLTD.LoginLogout -->
