<?xml version="1.0" encoding="UTF-8"?>
<!-- Generated by org.testng.reporters.JUnitReportReporter -->
<testsuite hostname="Tech04" failures="0" tests="1" name="storyLTD.AuctionStart" time="25.399" errors="0" timestamp="2021-05-14T18:09:30 IST" skipped="0">
  <testcase classname="storyLTD.AuctionStart" name="OtherTest" time="25.399"/>
  <system-out/>
</testsuite> <!-- storyLTD.AuctionStart -->
